{
"contracts/ManaVendingMachine.sol":{"l":{"66":24,"68":24,"69":72,"78":1,"86":1,"95":1,"103":4,"115":2,"120":1,"133":6,"139":5,"145":4,"146":12,"156":4,"162":3,"163":3,"164":3,"165":9,"166":9,"170":3,"173":3,"176":3,"179":3,"187":1,"188":1,"190":1,"191":1,"198":1,"199":1,"201":1,"202":1},"path":"/Users/rodolfoferro/Documents/GitHub/mana-contract/contracts/ManaVendingMachine.sol","s":{"1":24,"2":72,"3":1,"4":1,"5":4,"6":2,"7":1,"8":6,"9":5,"10":4,"11":4,"12":3,"13":3,"14":3,"15":3,"16":3,"17":1,"18":1,"19":1,"20":1,"21":1,"22":1},"b":{"1":[1,0],"2":[1,1],"3":[6,0],"4":[5,1],"5":[4,1],"6":[3,1],"7":[3,0],"8":[1,0],"9":[1,0],"10":[1,0],"11":[1,0],"12":[1,0]},"f":{"1":24,"2":1,"3":1,"4":1,"5":4,"6":2,"7":6,"8":4,"9":1,"10":1},"fnMap":{"1":{"name":"constructor","line":64,"loc":{"start":{"line":64,"column":4},"end":{"line":71,"column":4}}},"2":{"name":"setVaultAddress","line":77,"loc":{"start":{"line":77,"column":4},"end":{"line":79,"column":4}}},"3":{"name":"getPkgQty","line":85,"loc":{"start":{"line":85,"column":4},"end":{"line":87,"column":4}}},"4":{"name":"getManaBalance","line":94,"loc":{"start":{"line":94,"column":4},"end":{"line":96,"column":4}}},"5":{"name":"getPackages","line":102,"loc":{"start":{"line":102,"column":4},"end":{"line":104,"column":4}}},"6":{"name":"getPackageFromId","line":111,"loc":{"start":{"line":111,"column":4},"end":{"line":121,"column":4}}},"7":{"name":"setPackages","line":131,"loc":{"start":{"line":128,"column":4},"end":{"line":148,"column":4}}},"8":{"name":"purchasePackages","line":154,"loc":{"start":{"line":154,"column":4},"end":{"line":180,"column":4}}},"9":{"name":"withdraw","line":186,"loc":{"start":{"line":186,"column":4},"end":{"line":192,"column":4}}},"10":{"name":"withdrawAll","line":197,"loc":{"start":{"line":197,"column":4},"end":{"line":203,"column":4}}}},"statementMap":{"1":{"start":{"line":68,"column":8},"end":{"line":68,"column":1792}},"2":{"start":{"line":69,"column":12},"end":{"line":69,"column":45}},"3":{"start":{"line":86,"column":8},"end":{"line":86,"column":21}},"4":{"start":{"line":95,"column":8},"end":{"line":95,"column":37}},"5":{"start":{"line":103,"column":8},"end":{"line":103,"column":23}},"6":{"start":{"line":115,"column":8},"end":{"line":115,"column":3113}},"7":{"start":{"line":120,"column":8},"end":{"line":120,"column":30}},"8":{"start":{"line":133,"column":8},"end":{"line":133,"column":3629}},"9":{"start":{"line":139,"column":8},"end":{"line":139,"column":3849}},"10":{"start":{"line":145,"column":8},"end":{"line":145,"column":4052}},"11":{"start":{"line":156,"column":8},"end":{"line":156,"column":4440}},"12":{"start":{"line":162,"column":8},"end":{"line":162,"column":28}},"13":{"start":{"line":163,"column":8},"end":{"line":163,"column":29}},"14":{"start":{"line":164,"column":8},"end":{"line":164,"column":4717}},"15":{"start":{"line":170,"column":8},"end":{"line":170,"column":64}},"16":{"start":{"line":179,"column":8},"end":{"line":179,"column":68}},"17":{"start":{"line":187,"column":8},"end":{"line":187,"column":75}},"18":{"start":{"line":190,"column":8},"end":{"line":190,"column":64}},"19":{"start":{"line":191,"column":8},"end":{"line":191,"column":54}},"20":{"start":{"line":198,"column":8},"end":{"line":198,"column":41}},"21":{"start":{"line":201,"column":8},"end":{"line":201,"column":64}},"22":{"start":{"line":202,"column":8},"end":{"line":202,"column":58}}},"branchMap":{"1":{"line":77,"type":"if","locations":[{"start":{"line":77,"column":60},"end":{"line":77,"column":60}},{"start":{"line":77,"column":60},"end":{"line":77,"column":60}}]},"2":{"line":115,"type":"if","locations":[{"start":{"line":115,"column":8},"end":{"line":115,"column":8}},{"start":{"line":115,"column":8},"end":{"line":115,"column":8}}]},"3":{"line":131,"type":"if","locations":[{"start":{"line":131,"column":15},"end":{"line":131,"column":15}},{"start":{"line":131,"column":15},"end":{"line":131,"column":15}}]},"4":{"line":133,"type":"if","locations":[{"start":{"line":133,"column":8},"end":{"line":133,"column":8}},{"start":{"line":133,"column":8},"end":{"line":133,"column":8}}]},"5":{"line":139,"type":"if","locations":[{"start":{"line":139,"column":8},"end":{"line":139,"column":8}},{"start":{"line":139,"column":8},"end":{"line":139,"column":8}}]},"6":{"line":156,"type":"if","locations":[{"start":{"line":156,"column":8},"end":{"line":156,"column":8}},{"start":{"line":156,"column":8},"end":{"line":156,"column":8}}]},"7":{"line":170,"type":"if","locations":[{"start":{"line":170,"column":8},"end":{"line":170,"column":8}},{"start":{"line":170,"column":8},"end":{"line":170,"column":8}}]},"8":{"line":186,"type":"if","locations":[{"start":{"line":186,"column":48},"end":{"line":186,"column":48}},{"start":{"line":186,"column":48},"end":{"line":186,"column":48}}]},"9":{"line":187,"type":"if","locations":[{"start":{"line":187,"column":8},"end":{"line":187,"column":8}},{"start":{"line":187,"column":8},"end":{"line":187,"column":8}}]},"10":{"line":191,"type":"if","locations":[{"start":{"line":191,"column":8},"end":{"line":191,"column":8}},{"start":{"line":191,"column":8},"end":{"line":191,"column":8}}]},"11":{"line":197,"type":"if","locations":[{"start":{"line":197,"column":36},"end":{"line":197,"column":36}},{"start":{"line":197,"column":36},"end":{"line":197,"column":36}}]},"12":{"line":202,"type":"if","locations":[{"start":{"line":202,"column":8},"end":{"line":202,"column":8}},{"start":{"line":202,"column":8},"end":{"line":202,"column":8}}]}}}}
