TN:
SF:/Users/rodolfoferro/Documents/GitHub/mana-contract/contracts/ManaVendingMachine.sol
FN:64,constructor
FN:77,setVaultAddress
FN:85,getPkgQty
FN:94,getManaBalance
FN:102,getPackages
FN:111,getPackageFromId
FN:131,setPackages
FN:154,purchasePackages
FN:186,withdraw
FN:197,withdrawAll
FNF:10
FNH:10
FNDA:24,constructor
FNDA:1,setVaultAddress
FNDA:1,getPkgQty
FNDA:1,getManaBalance
FNDA:4,getPackages
FNDA:2,getPackageFromId
FNDA:6,setPackages
FNDA:4,purchasePackages
FNDA:1,withdraw
FNDA:1,withdrawAll
DA:66,24
DA:68,24
DA:69,72
DA:78,1
DA:86,1
DA:95,1
DA:103,4
DA:115,2
DA:120,1
DA:133,6
DA:139,5
DA:145,4
DA:146,12
DA:156,4
DA:162,3
DA:163,3
DA:164,3
DA:165,9
DA:166,9
DA:170,3
DA:173,3
DA:176,3
DA:179,3
DA:187,1
DA:188,1
DA:190,1
DA:191,1
DA:198,1
DA:199,1
DA:201,1
DA:202,1
LF:31
LH:31
BRDA:77,1,0,1
BRDA:77,1,1,0
BRDA:115,2,0,1
BRDA:115,2,1,1
BRDA:131,3,0,6
BRDA:131,3,1,0
BRDA:133,4,0,5
BRDA:133,4,1,1
BRDA:139,5,0,4
BRDA:139,5,1,1
BRDA:156,6,0,3
BRDA:156,6,1,1
BRDA:170,7,0,3
BRDA:170,7,1,0
BRDA:186,8,0,1
BRDA:186,8,1,0
BRDA:187,9,0,1
BRDA:187,9,1,0
BRDA:191,10,0,1
BRDA:191,10,1,0
BRDA:197,11,0,1
BRDA:197,11,1,0
BRDA:202,12,0,1
BRDA:202,12,1,0
BRF:24
BRH:16
end_of_record
